<?xml version="1.0" encoding="UTF-8"?>
<!-- Generated by org.testng.reporters.JUnitReportReporter -->
<testsuite hostname="DESKTOP-UGH84BL" failures="0" tests="1" name="runner.RunTest" time="36.575" errors="0" timestamp="2024-09-18T15:34:20 IST" skipped="0">
  <testcase classname="runner.RunTest" name="runScenario" time="36.575"/>
</testsuite> <!-- runner.RunTest -->
